[debug] [2025-12-29T22:21:49.135Z] ----------------------------------------------------------------------
[debug] [2025-12-29T22:21:49.247Z] Command:       C:\Program Files\nodejs\node.exe C:\Users\FRANCISCO ARMANDO\AppData\Roaming\npm\node_modules\firebase-tools\lib\bin\firebase.js init
[debug] [2025-12-29T22:21:49.248Z] CLI Version:   15.1.0
[debug] [2025-12-29T22:21:49.248Z] Platform:      win32
[debug] [2025-12-29T22:21:49.248Z] Node Version:  v22.17.1
[debug] [2025-12-29T22:21:49.249Z] Time:          Tue Dec 30 2025 00:21:49 GMT+0200 (Hora padrão da Europa Oriental)
[debug] [2025-12-29T22:21:49.249Z] ----------------------------------------------------------------------
[debug] 
[info] 
     ######## #### ########  ######## ########     ###     ######  ########
     ##        ##  ##     ## ##       ##     ##  ##   ##  ##       ##
     ######    ##  ########  ######   ########  #########  ######  ######
     ##        ##  ##    ##  ##       ##     ## ##     ##       ## ##
     ##       #### ##     ## ######## ########  ##     ##  ######  ########

You're about to initialize a Firebase project in this directory:

  D:\UNKVOICES\ID\Softsafe\project\www\softsafecompany.github.io

[debug] [2025-12-30T07:21:04.501Z] ----------------------------------------------------------------------
[debug] [2025-12-30T07:21:04.986Z] Command:       C:\Program Files\nodejs\node.exe C:\Users\FRANCISCO ARMANDO\AppData\Roaming\npm\node_modules\firebase-tools\lib\bin\firebase.js init functions
[debug] [2025-12-30T07:21:04.987Z] CLI Version:   15.1.0
[debug] [2025-12-30T07:21:04.987Z] Platform:      win32
[debug] [2025-12-30T07:21:04.988Z] Node Version:  v22.17.1
[debug] [2025-12-30T07:21:05.013Z] Time:          Tue Dec 30 2025 09:21:04 GMT+0200 (Hora padrão da Europa Oriental)
[debug] [2025-12-30T07:21:05.013Z] ----------------------------------------------------------------------
[debug] 
[info] 
     ######## #### ########  ######## ########     ###     ######  ########
     ##        ##  ##     ## ##       ##     ##  ##   ##  ##       ##
     ######    ##  ########  ######   ########  #########  ######  ######
     ##        ##  ##    ##  ##       ##     ## ##     ##       ## ##
     ##       #### ##     ## ######## ########  ##     ##  ######  ########

You're about to initialize a Firebase project in this directory:

  D:\UNKVOICES\ID\Softsafe\project\www\softsafecompany.github.io

[info] 
=== Project Setup
[info] 
[info] First, let's associate this project directory with a Firebase project.
[info] You can create multiple project aliases by running firebase use --add, 
[info] 
[debug] [2025-12-30T07:22:21.203Z] > command requires scopes: ["email","openid","https://www.googleapis.com/auth/cloudplatformprojects.readonly","https://www.googleapis.com/auth/firebase","https://www.googleapis.com/auth/cloud-platform"]
[debug] [2025-12-30T07:22:21.203Z] > authorizing via signed-in user (franciscoarmandochicogil@gmail.com)
[debug] [2025-12-30T07:22:21.209Z] Checked if tokens are valid: false, expires at: 1767038623802
[debug] [2025-12-30T07:22:21.210Z] Checked if tokens are valid: false, expires at: 1767038623802
[debug] [2025-12-30T07:22:21.210Z] > refreshing access token with scopes: []
[debug] [2025-12-30T07:22:21.222Z] >>> [apiv2][query] POST https://www.googleapis.com/oauth2/v3/token [none]
[debug] [2025-12-30T07:22:21.222Z] >>> [apiv2][body] POST https://www.googleapis.com/oauth2/v3/token [omitted]
[debug] [2025-12-30T07:22:27.551Z] <<< [apiv2][status] POST https://www.googleapis.com/oauth2/v3/token 200
[debug] [2025-12-30T07:22:27.551Z] <<< [apiv2][body] POST https://www.googleapis.com/oauth2/v3/token [omitted]
[debug] [2025-12-30T07:22:27.732Z] >>> [apiv2][query] GET https://firebase.googleapis.com/v1beta1/projects pageSize=100
[debug] [2025-12-30T07:22:34.220Z] <<< [apiv2][status] GET https://firebase.googleapis.com/v1beta1/projects 200
[debug] [2025-12-30T07:22:34.220Z] <<< [apiv2][body] GET https://firebase.googleapis.com/v1beta1/projects [omitted]
[info] 
=== Functions Setup
[debug] [2025-12-30T07:22:40.713Z] > command requires scopes: ["email","openid","https://www.googleapis.com/auth/cloudplatformprojects.readonly","https://www.googleapis.com/auth/firebase","https://www.googleapis.com/auth/cloud-platform"]
[debug] [2025-12-30T07:22:40.713Z] > authorizing via signed-in user (franciscoarmandochicogil@gmail.com)
[debug] [2025-12-30T07:22:40.713Z] [iam] checking project softsafe-company for permissions ["firebase.projects.get"]
[debug] [2025-12-30T07:22:40.715Z] Checked if tokens are valid: true, expires at: 1767082946552
[debug] [2025-12-30T07:22:40.715Z] Checked if tokens are valid: true, expires at: 1767082946552
[debug] [2025-12-30T07:22:40.716Z] >>> [apiv2][query] POST https://cloudresourcemanager.googleapis.com/v1/projects/softsafe-company:testIamPermissions [none]
[debug] [2025-12-30T07:22:40.716Z] >>> [apiv2][(partial)header] POST https://cloudresourcemanager.googleapis.com/v1/projects/softsafe-company:testIamPermissions x-goog-quota-user=projects/softsafe-company
[debug] [2025-12-30T07:22:40.716Z] >>> [apiv2][body] POST https://cloudresourcemanager.googleapis.com/v1/projects/softsafe-company:testIamPermissions {"permissions":["firebase.projects.get"]}
[debug] [2025-12-30T07:23:04.379Z] <<< [apiv2][status] POST https://cloudresourcemanager.googleapis.com/v1/projects/softsafe-company:testIamPermissions 200
[debug] [2025-12-30T07:23:04.379Z] <<< [apiv2][body] POST https://cloudresourcemanager.googleapis.com/v1/projects/softsafe-company:testIamPermissions {"permissions":["firebase.projects.get"]}
[debug] [2025-12-30T07:23:04.381Z] Checked if tokens are valid: true, expires at: 1767082946552
[debug] [2025-12-30T07:23:04.381Z] Checked if tokens are valid: true, expires at: 1767082946552
[debug] [2025-12-30T07:23:04.381Z] Checked if tokens are valid: true, expires at: 1767082946552
[debug] [2025-12-30T07:23:04.381Z] Checked if tokens are valid: true, expires at: 1767082946552
[debug] [2025-12-30T07:23:04.382Z] >>> [apiv2][query] GET https://serviceusage.googleapis.com/v1/projects/softsafe-company/services/cloudfunctions.googleapis.com [none]
[debug] [2025-12-30T07:23:04.382Z] >>> [apiv2][(partial)header] GET https://serviceusage.googleapis.com/v1/projects/softsafe-company/services/cloudfunctions.googleapis.com x-goog-quota-user=projects/softsafe-company
[debug] [2025-12-30T07:23:04.383Z] >>> [apiv2][query] GET https://serviceusage.googleapis.com/v1/projects/softsafe-company/services/runtimeconfig.googleapis.com [none]
[debug] [2025-12-30T07:23:04.383Z] >>> [apiv2][(partial)header] GET https://serviceusage.googleapis.com/v1/projects/softsafe-company/services/runtimeconfig.googleapis.com x-goog-quota-user=projects/softsafe-company
[debug] [2025-12-30T07:23:15.292Z] <<< [apiv2][status] GET https://serviceusage.googleapis.com/v1/projects/softsafe-company/services/runtimeconfig.googleapis.com 200
[debug] [2025-12-30T07:23:15.292Z] <<< [apiv2][body] GET https://serviceusage.googleapis.com/v1/projects/softsafe-company/services/runtimeconfig.googleapis.com [omitted]
[debug] [2025-12-30T07:23:15.347Z] <<< [apiv2][status] GET https://serviceusage.googleapis.com/v1/projects/softsafe-company/services/cloudfunctions.googleapis.com 200
[debug] [2025-12-30T07:23:15.347Z] <<< [apiv2][body] GET https://serviceusage.googleapis.com/v1/projects/softsafe-company/services/cloudfunctions.googleapis.com [omitted]
[debug] [2025-12-30T07:23:15.347Z] Checked if tokens are valid: true, expires at: 1767082946552
[debug] [2025-12-30T07:23:15.348Z] Checked if tokens are valid: true, expires at: 1767082946552
[debug] [2025-12-30T07:23:15.348Z] >>> [apiv2][query] POST https://serviceusage.googleapis.com/v1/projects/softsafe-company/services/cloudfunctions.googleapis.com:enable [none]
[debug] [2025-12-30T07:23:15.348Z] >>> [apiv2][(partial)header] POST https://serviceusage.googleapis.com/v1/projects/softsafe-company/services/cloudfunctions.googleapis.com:enable x-goog-quota-user=projects/softsafe-company
[debug] [2025-12-30T07:23:22.617Z] <<< [apiv2][status] POST https://serviceusage.googleapis.com/v1/projects/softsafe-company/services/cloudfunctions.googleapis.com:enable 200
[debug] [2025-12-30T07:23:22.617Z] <<< [apiv2][body] POST https://serviceusage.googleapis.com/v1/projects/softsafe-company/services/cloudfunctions.googleapis.com:enable [omitted]
[info] Let's create a new codebase for your functions.
[info] A directory corresponding to the codebase will be created in your project
[info] with sample code pre-configured.

[info] See https://firebase.google.com/docs/functions/organize-functions for
[info] more information on organizing your functions using codebases.

[info] Functions can be deployed with firebase deploy.

[info] +  Wrote functions/package.json 
[info] +  Wrote functions/.eslintrc.js 
[info] +  Wrote functions/index.js 
[info] +  Wrote functions/.gitignore 
